[debug] [2022-04-29T18:15:54.568Z] ----------------------------------------------------------------------
[debug] [2022-04-29T18:15:54.569Z] Command:       C:\Program Files\nodejs\node.exe C:\Users\HARSH\AppData\Roaming\npm\node_modules\firebase-tools\lib\bin\firebase.js init
[debug] [2022-04-29T18:15:54.570Z] CLI Version:   10.7.2
[debug] [2022-04-29T18:15:54.570Z] Platform:      win32
[debug] [2022-04-29T18:15:54.570Z] Node Version:  v16.14.0
[debug] [2022-04-29T18:15:54.571Z] Time:          Fri Apr 29 2022 23:45:54 GMT+0530 (India Standard Time)
[debug] [2022-04-29T18:15:54.571Z] ----------------------------------------------------------------------
[debug] 
[debug] [2022-04-29T18:15:54.630Z] > command requires scopes: ["email","openid","https://www.googleapis.com/auth/cloudplatformprojects.readonly","https://www.googleapis.com/auth/firebase","https://www.googleapis.com/auth/cloud-platform"]
[debug] [2022-04-29T18:15:54.630Z] > authorizing via signed-in user (harshkrishnani2409@gmail.com)
[info] 
     ######## #### ########  ######## ########     ###     ######  ########
     ##        ##  ##     ## ##       ##     ##  ##   ##  ##       ##
     ######    ##  ########  ######   ########  #########  ######  ######
     ##        ##  ##    ##  ##       ##     ## ##     ##       ## ##
     ##       #### ##     ## ######## ########  ##     ##  ######  ########

You're about to initialize a Firebase project in this directory:

  C:\Users\HARSH

Before we get started, keep in mind:

  * You are initializing within an existing Firebase project directory

[info] 
=== Project Setup
[info] 
[info] First, let's associate this project directory with a Firebase project.
[info] You can create multiple project aliases by running firebase use --add, 
[info] but for now we'll just set up a default project.
[info] 
[debug] [2022-04-29T18:17:37.147Z] Using project from CLI flag: news-fd505
[debug] [2022-04-29T18:17:37.153Z] > refreshing access token with scopes: []
[debug] [2022-04-29T18:17:37.156Z] >>> HTTP REQUEST POST https://www.googleapis.com/oauth2/v3/token  
 <request body omitted>
[debug] [2022-04-29T18:17:38.319Z] <<< HTTP RESPONSE 200 {"date":"Fri, 29 Apr 2022 18:17:38 GMT","cache-control":"no-cache, no-store, max-age=0, must-revalidate","pragma":"no-cache","expires":"Mon, 01 Jan 1990 00:00:00 GMT","content-type":"application/json; charset=utf-8","vary":"X-Origin, Referer, Origin,Accept-Encoding","server":"scaffolding on HTTPServer2","x-xss-protection":"0","x-frame-options":"SAMEORIGIN","x-content-type-options":"nosniff","alt-svc":"h3=\":443\"; ma=2592000,h3-29=\":443\"; ma=2592000,h3-Q050=\":443\"; ma=2592000,h3-Q046=\":443\"; ma=2592000,h3-Q043=\":443\"; ma=2592000,quic=\":443\"; ma=2592000; v=\"46,43\"","accept-ranges":"none","transfer-encoding":"chunked"}
[debug] [2022-04-29T18:17:38.362Z] >>> [apiv2][query] GET https://firebase.googleapis.com/v1beta1/projects/news-fd505 [none]
[debug] [2022-04-29T18:17:39.331Z] <<< [apiv2][status] GET https://firebase.googleapis.com/v1beta1/projects/news-fd505 200
[debug] [2022-04-29T18:17:39.332Z] <<< [apiv2][body] GET https://firebase.googleapis.com/v1beta1/projects/news-fd505 {"projectId":"news-fd505","projectNumber":"20754445241","displayName":"News","name":"projects/news-fd505","resources":{"hostingSite":"news-fd505"},"state":"ACTIVE"}
[info] i  Using project news-fd505 (News) 
[info] 
=== Hosting Setup
[info] 
[info] Your public directory is the folder (relative to your project directory) that
[info] will contain Hosting assets to be uploaded with firebase deploy. If you
[info] have a build process for your assets, use your build's output directory.
[info] 
